#
# A fatal error has been detected by the Java Runtime Environment:
#
#  SIGSEGV (0xb) at pc=0x000000011bfae027, pid=13968, tid=0x0000000000013b07
#
# JRE version: Java(TM) SE Runtime Environment (8.0_181-b13) (build 1.8.0_181-b13)
# Java VM: Java HotSpot(TM) 64-Bit Server VM (25.181-b13 mixed mode bsd-amd64 compressed oops)
# Problematic frame:
# C  [libawt_lwawt.dylib+0x1c027]  OGLSD_SetScratchSurface+0x49
#
# Failed to write core dump. Core dumps have been disabled. To enable core dumping, try "ulimit -c unlimited" before starting Java again
#
# If you would like to submit a bug report, please visit:
#   http://bugreport.java.com/bugreport/crash.jsp
# The crash happened outside the Java Virtual Machine in native code.
# See problematic frame for where to report the bug.
#

---------------  T H R E A D  ---------------

Current thread (0x00007f82ca803800):  JavaThread "Java2D Queue Flusher" daemon [_thread_in_native, id=80647, stack(0x0000700008ce0000,0x0000700008de0000)]

siginfo: si_signo: 11 (SIGSEGV), si_code: 1 (SEGV_MAPERR), si_addr: 0x0000000000000002

Registers:
RAX=0x000000011c01b7c8, RBX=0x0000000000000002, RCX=0x000000011bfcfe3c, RDX=0x0000000000000000
RSP=0x0000700008ddf7d0, RBP=0x0000700008ddf7f0, RSI=0x00007f82c9fa8fb0, RDI=0x00007f82ca8039f8
R8 =0x0000000000000000, R9 =0x000000003f4dcdcf, R10=0x00007f82ce8da000, R11=0xffff900119228e20
R12=0x0000000000000000, R13=0x000000010b245c0c, R14=0x00007f82ca8039f8, R15=0x00007f82c9c617d0
RIP=0x000000011bfae027, EFLAGS=0x0000000000010202, ERR=0x0000000000000004
  TRAPNO=0x000000000000000e

Top of Stack: (sp=0x0000700008ddf7d0)
0x0000700008ddf7d0:   00007f82c9fa8fb0 0000000000000000
0x0000700008ddf7e0:   00007f82cb8ee248 00007f82c9c617d0
0x0000700008ddf7f0:   0000700008ddf870 000000011bfcf5f2
0x0000700008ddf800:   0000000000000020 0000000100000400
0x0000700008ddf810:   00007f82cb8ede38 0000000000000000
0x0000700008ddf820:   0000700008ddf840 0000000000000064
0x0000700008ddf830:   00007f82cb8f7408 00007f82cb8ee258
0x0000700008ddf840:   00007f8200803800 00007f82ca8039f8
0x0000700008ddf850:   0000000193d04638 0000000000000000
0x0000700008ddf860:   0000700008ddf938 00007f82ca803800
0x0000700008ddf870:   0000700008ddf8c0 000000010b291eaa
0x0000700008ddf880:   00000007976b7320 0000000103b51a64
0x0000700008ddf890:   0000000000000005 00007f82ca803800
0x0000700008ddf8a0:   0000000797618001 00007f82c9e9ec60
0x0000700008ddf8b0:   0000700008ddf800 00007f82ca803800
0x0000700008ddf8c0:   0000700008ddfa90 000000010b29093c
0x0000700008ddf8d0:   0000700008ddf938 00007f82ca803800
0x0000700008ddf8e0:   0000700008ddf930 000000010b24ef68
0x0000700008ddf8f0:   0000000797618000 000000010b236bb8
0x0000700008ddf900:   0000000109a27410 0000000000000001
0x0000700008ddf910:   00007f82c9d00180 000000010b236b40
0x0000700008ddf920:   00000007976b7320 0000000000000202
0x0000700008ddf930:   0000700008ddfa90 000000010b245b04
0x0000700008ddf940:   0000000000000041 0000000109ad1e08
0x0000700008ddf950:   0000000000000000 0000000000000000
0x0000700008ddf960:   0000000000000000 0000700000000000
0x0000700008ddf970:   00000000000000dc 0000000000000000
0x0000700008ddf980:   0000700008ddfa28 00007f82ca803800
0x0000700008ddf990:   0000700008ddfa00 000000010b00bc9f
0x0000700008ddf9a0:   0000000100000001 000000079597f288
0x0000700008ddf9b0:   0000000797618000 0000000700000000
0x0000700008ddf9c0:   0000700008ddf9b0 000000010b244d90 

Instructions: (pc=0x000000011bfae027)
0x000000011bfae007:   c0 e9 82 00 00 00 48 8b 5e 10 48 85 db 75 0e bf
0x000000011bfae017:   01 00 00 00 48 8d 15 a8 96 03 00 eb d6 49 89 fe
0x000000011bfae027:   4c 8b 3b 30 c0 e8 ff bc 02 00 49 8b 3f 49 89 c4
0x000000011bfae037:   48 8b 35 02 29 06 00 30 c0 e8 4d be 02 00 48 85 

Register to memory mapping:

RAX=0x000000011c01b7c8: previousOp+0 in /Library/Java/JavaVirtualMachines/jdk1.8.0_181.jdk/Contents/Home/jre/lib/libawt_lwawt.dylib at 0x000000011bf92000
RBX=0x0000000000000002 is an unknown value
RCX=0x000000011bfcfe3c: OGLRenderQueue_CheckPreviousOp+0x13e in /Library/Java/JavaVirtualMachines/jdk1.8.0_181.jdk/Contents/Home/jre/lib/libawt_lwawt.dylib at 0x000000011bf92000
RDX=0x0000000000000000 is an unknown value
RSP=0x0000700008ddf7d0 is pointing into the stack for thread: 0x00007f82ca803800
RBP=0x0000700008ddf7f0 is pointing into the stack for thread: 0x00007f82ca803800
RSI=0x00007f82c9fa8fb0 is an unknown value
RDI=0x00007f82ca8039f8 is an unknown value
R8 =0x0000000000000000 is an unknown value
R9 =0x000000003f4dcdcf is an unknown value
R10=0x00007f82ce8da000 is an unknown value
R11=0xffff900119228e20 is an unknown value
R12=0x0000000000000000 is an unknown value
R13=0x000000010b245c0c is at entry_point+2764 in (nmethod*)0x000000010b244d90
R14=0x00007f82ca8039f8 is an unknown value
R15=0x00007f82c9c617d0 is an unknown value


Stack: [0x0000700008ce0000,0x0000700008de0000],  sp=0x0000700008ddf7d0,  free space=1021k
Native frames: (J=compiled Java code, j=interpreted, Vv=VM code, C=native code)
C  [libawt_lwawt.dylib+0x1c027]  OGLSD_SetScratchSurface+0x49
C  [libawt_lwawt.dylib+0x3d5f2]  Java_sun_java2d_opengl_OGLRenderQueue_flushBuffer+0x63a
J 780  sun.java2d.opengl.OGLRenderQueue.flushBuffer(JI)V (0 bytes) @ 0x000000010b291eaa [0x000000010b291e00+0xaa]
J 777 C1 sun.java2d.opengl.OGLRenderQueue.flushBuffer()V (41 bytes) @ 0x000000010b29093c [0x000000010b2906e0+0x25c]
J 1632% C1 sun.java2d.opengl.OGLRenderQueue$QueueFlusher.run()V (234 bytes) @ 0x000000010b245b04 [0x000000010b245140+0x9c4]
v  ~StubRoutines::call_stub
V  [libjvm.dylib+0x2efcba]
V  [libjvm.dylib+0x2f045e]
V  [libjvm.dylib+0x2f060a]
V  [libjvm.dylib+0x34aef9]
V  [libjvm.dylib+0x56fa7f]
V  [libjvm.dylib+0x57117a]
V  [libjvm.dylib+0x48e342]
C  [libsystem_pthread.dylib+0x5d36]  _pthread_start+0x7d
C  [libsystem_pthread.dylib+0x258f]  thread_start+0xf
C  0x0000000000000000

Java frames: (J=compiled Java code, j=interpreted, Vv=VM code)
J 780  sun.java2d.opengl.OGLRenderQueue.flushBuffer(JI)V (0 bytes) @ 0x000000010b291e38 [0x000000010b291e00+0x38]
J 777 C1 sun.java2d.opengl.OGLRenderQueue.flushBuffer()V (41 bytes) @ 0x000000010b29093c [0x000000010b2906e0+0x25c]
J 1632% C1 sun.java2d.opengl.OGLRenderQueue$QueueFlusher.run()V (234 bytes) @ 0x000000010b245b04 [0x000000010b245140+0x9c4]
v  ~StubRoutines::call_stub

---------------  P R O C E S S  ---------------

Java Threads: ( => current thread )
  0x00007f82cb224000 JavaThread "Java2D Disposer" daemon [_thread_blocked, id=78099, stack(0x0000700008de3000,0x0000700008ee3000)]
=>0x00007f82ca803800 JavaThread "Java2D Queue Flusher" daemon [_thread_in_native, id=80647, stack(0x0000700008ce0000,0x0000700008de0000)]
  0x00007f82cb1d8800 JavaThread "DestroyJavaVM" [_thread_blocked, id=3331, stack(0x000070000799e000,0x0000700007a9e000)]
  0x00007f82caa78800 JavaThread "AWT-EventQueue-0" [_thread_blocked, id=81419, stack(0x0000700008bdd000,0x0000700008cdd000)]
  0x00007f82ca83a000 JavaThread "AWT-Shutdown" [_thread_blocked, id=25883, stack(0x00007000088ce000,0x00007000089ce000)]
  0x00007f82cb18d800 JavaThread "AppKit Thread" daemon [_thread_in_native, id=775, stack(0x00007ffeec4ca000,0x00007ffeeccca000)]
  0x00007f82cb818800 JavaThread "Service Thread" daemon [_thread_blocked, id=13315, stack(0x00007000086c8000,0x00007000087c8000)]
  0x00007f82ca89d000 JavaThread "C1 CompilerThread2" daemon [_thread_blocked, id=17155, stack(0x00007000085c5000,0x00007000086c5000)]
  0x00007f82ca89c800 JavaThread "C2 CompilerThread1" daemon [_thread_blocked, id=13059, stack(0x00007000084c2000,0x00007000085c2000)]
  0x00007f82ca84f800 JavaThread "C2 CompilerThread0" daemon [_thread_blocked, id=12803, stack(0x00007000083bf000,0x00007000084bf000)]
  0x00007f82ca83c000 JavaThread "Signal Dispatcher" daemon [_thread_blocked, id=18179, stack(0x00007000082bc000,0x00007000083bc000)]
  0x00007f82cb802000 JavaThread "Finalizer" daemon [_thread_blocked, id=20739, stack(0x00007000080b3000,0x00007000081b3000)]
  0x00007f82ca830000 JavaThread "Reference Handler" daemon [_thread_blocked, id=20995, stack(0x0000700007fb0000,0x00007000080b0000)]

Other Threads:
  0x00007f82cb018000 VMThread [stack: 0x0000700007ead000,0x0000700007fad000] [id=11011]
  0x00007f82cb81b000 WatcherThread [stack: 0x00007000087cb000,0x00007000088cb000] [id=16643]

VM state:not at safepoint (normal execution)

VM Mutex/Monitor currently owned by a thread: None

Heap:
 PSYoungGen      total 38400K, used 4994K [0x0000000795580000, 0x0000000798000000, 0x00000007c0000000)
  eden space 33280K, 6% used [0x0000000795580000,0x00000007957b9260,0x0000000797600000)
  from space 5120K, 53% used [0x0000000797600000,0x00000007978a7858,0x0000000797b00000)
  to   space 5120K, 0% used [0x0000000797b00000,0x0000000797b00000,0x0000000798000000)
 ParOldGen       total 87552K, used 24K [0x0000000740000000, 0x0000000745580000, 0x0000000795580000)
  object space 87552K, 0% used [0x0000000740000000,0x0000000740006000,0x0000000745580000)
 Metaspace       used 10608K, capacity 10954K, committed 11136K, reserved 1058816K
  class space    used 1230K, capacity 1333K, committed 1408K, reserved 1048576K

Card table byte_map: [0x0000000104b74000,0x0000000104f75000] byte_map_base: 0x0000000101174000

Marking Bits: (ParMarkBitMap*) 0x00000001040f9cd0
 Begin Bits: [0x0000000105220000, 0x0000000107220000)
 End Bits:   [0x0000000107220000, 0x0000000109220000)

Polling page: 0x0000000102fa5000

CodeCache: size=245760Kb used=5724Kb max_used=5747Kb free=240035Kb
 bounds [0x000000010afea000, 0x000000010b5aa000, 0x0000000119fea000]
 total_blobs=2082 nmethods=1567 adapters=428
 compilation: enabled

Compilation events (10 events):
Event: 5069.425 Thread 0x00007f82ca89c800 nmethod 1642 0x000000010b5786d0 code [0x000000010b578900, 0x000000010b579100]
Event: 5070.093 Thread 0x00007f82ca84f800 nmethod 1638 0x000000010b589510 code [0x000000010b589fc0, 0x000000010b592928]
Event: 5070.268 Thread 0x00007f82ca89d000 1644       1       sun.java2d.SurfaceDataProxy$1::replaceData (2 bytes)
Event: 5070.268 Thread 0x00007f82ca89d000 nmethod 1644 0x000000010b0f7410 code [0x000000010b0f7560, 0x000000010b0f7670]
Event: 5070.662 Thread 0x00007f82ca89d000 1645       3       sun.java2d.SunGraphics2D::validateBasicStroke (332 bytes)
Event: 5070.664 Thread 0x00007f82ca89d000 nmethod 1645 0x000000010b571890 code [0x000000010b571ba0, 0x000000010b572f68]
Event: 5071.233 Thread 0x00007f82ca89d000 1646       3       java.awt.geom.AffineTransform::updateState (230 bytes)
Event: 5071.234 Thread 0x00007f82ca89d000 nmethod 1646 0x000000010b22b510 code [0x000000010b22b6e0, 0x000000010b22bf10]
Event: 5072.259 Thread 0x00007f82ca89d000 1647   !   3       sun.awt.image.SurfaceManager::getManager (47 bytes)
Event: 5072.260 Thread 0x00007f82ca89d000 nmethod 1647 0x000000010b244090 code [0x000000010b244260, 0x000000010b244998]

GC Heap History (2 events):
Event: 5074.742 GC heap before
{Heap before GC invocations=1 (full 0):
 PSYoungGen      total 38400K, used 33280K [0x0000000795580000, 0x0000000798000000, 0x00000007c0000000)
  eden space 33280K, 100% used [0x0000000795580000,0x0000000797600000,0x0000000797600000)
  from space 5120K, 0% used [0x0000000797b00000,0x0000000797b00000,0x0000000798000000)
  to   space 5120K, 0% used [0x0000000797600000,0x0000000797600000,0x0000000797b00000)
 ParOldGen       total 87552K, used 0K [0x0000000740000000, 0x0000000745580000, 0x0000000795580000)
  object space 87552K, 0% used [0x0000000740000000,0x0000000740000000,0x0000000745580000)
 Metaspace       used 10608K, capacity 10954K, committed 11136K, reserved 1058816K
  class space    used 1230K, capacity 1333K, committed 1408K, reserved 1048576K
Event: 5074.760 GC heap after
Heap after GC invocations=1 (full 0):
 PSYoungGen      total 38400K, used 2718K [0x0000000795580000, 0x0000000798000000, 0x00000007c0000000)
  eden space 33280K, 0% used [0x0000000795580000,0x0000000795580000,0x0000000797600000)
  from space 5120K, 53% used [0x0000000797600000,0x00000007978a7858,0x0000000797b00000)
  to   space 5120K, 0% used [0x0000000797b00000,0x0000000797b00000,0x0000000798000000)
 ParOldGen       total 87552K, used 24K [0x0000000740000000, 0x0000000745580000, 0x0000000795580000)
  object space 87552K, 0% used [0x0000000740000000,0x0000000740006000,0x0000000745580000)
 Metaspace       used 10608K, capacity 10954K, committed 11136K, reserved 1058816K
  class space    used 1230K, capacity 1333K, committed 1408K, reserved 1048576K
}

Deoptimization events (10 events):
Event: 891.434 Thread 0x00007f82caa78800 Uncommon trap: reason=unstable_if action=reinterpret pc=0x000000010b562ac0 method=sun.java2d.pipe.Region.clipBoxToBounds([I)V @ 41
Event: 891.434 Thread 0x00007f82caa78800 Uncommon trap: reason=unstable_if action=reinterpret pc=0x000000010b53a56c method=sun.java2d.pipe.AAShapePipe.renderPath(Lsun/java2d/SunGraphics2D;Ljava/awt/Shape;Ljava/awt/BasicStroke;)V @ 69
Event: 891.434 Thread 0x00007f82caa78800 Uncommon trap: reason=bimorphic action=maybe_recompile pc=0x000000010b3a46f8 method=sun.java2d.SunGraphics2D.validateColor()V @ 95
Event: 891.434 Thread 0x00007f82caa78800 Uncommon trap: reason=class_check action=maybe_recompile pc=0x000000010b42c948 method=sun.java2d.pipe.PixelToShapeConverter.fillRoundRect(Lsun/java2d/SunGraphics2D;IIIIII)V @ 28
Event: 891.434 Thread 0x00007f82caa78800 Uncommon trap: reason=bimorphic action=maybe_recompile pc=0x000000010b3a46f8 method=sun.java2d.SunGraphics2D.validateColor()V @ 95
Event: 891.436 Thread 0x00007f82caa78800 Uncommon trap: reason=class_check action=maybe_recompile pc=0x000000010b42c948 method=sun.java2d.pipe.PixelToShapeConverter.fillRoundRect(Lsun/java2d/SunGraphics2D;IIIIII)V @ 28
Event: 891.436 Thread 0x00007f82caa78800 Uncommon trap: reason=class_check action=maybe_recompile pc=0x000000010b42c948 method=sun.java2d.pipe.PixelToShapeConverter.fillRoundRect(Lsun/java2d/SunGraphics2D;IIIIII)V @ 28
Event: 891.436 Thread 0x00007f82caa78800 Uncommon trap: reason=bimorphic action=maybe_recompile pc=0x000000010b52266c method=sun.java2d.SunGraphics2D.validateColor()V @ 95
Event: 891.436 Thread 0x00007f82caa78800 Uncommon trap: reason=class_check action=maybe_recompile pc=0x000000010b47a5d0 method=sun.java2d.pipe.PixelToShapeConverter.fillRoundRect(Lsun/java2d/SunGraphics2D;IIIIII)V @ 28
Event: 5074.766 Thread 0x00007f82caa78800 Uncommon trap: reason=unstable_if action=reinterpret pc=0x000000010b590524 method=java.lang.ref.SoftReference.get()Ljava/lang/Object; @ 17

Classes redefined (0 events):
No events

Internal exceptions (10 events):
Event: 0.127 Thread 0x00007f82ca803800 Exception <a 'java/security/PrivilegedActionException'> (0x0000000795611710) thrown at [/Users/java_re/workspace/8-2-build-macosx-x86_64/jdk8u181/11358/hotspot/src/share/vm/prims/jvm.cpp, line 1435]
Event: 0.127 Thread 0x00007f82ca803800 Exception <a 'java/security/PrivilegedActionException'> (0x0000000795614b30) thrown at [/Users/java_re/workspace/8-2-build-macosx-x86_64/jdk8u181/11358/hotspot/src/share/vm/prims/jvm.cpp, line 1435]
Event: 0.127 Thread 0x00007f82ca803800 Exception <a 'java/security/PrivilegedActionException'> (0x0000000795614d40) thrown at [/Users/java_re/workspace/8-2-build-macosx-x86_64/jdk8u181/11358/hotspot/src/share/vm/prims/jvm.cpp, line 1435]
Event: 0.186 Thread 0x00007f82ca803800 Exception <a 'java/lang/NoSuchFieldError': method resolution failed> (0x000000079578c250) thrown at [/Users/java_re/workspace/8-2-build-macosx-x86_64/jdk8u181/11358/hotspot/src/share/vm/prims/methodHandles.cpp, line 1167]
Event: 0.189 Thread 0x00007f82ca803800 Exception <a 'java/lang/NoSuchFieldError': method resolution failed> (0x0000000795799a20) thrown at [/Users/java_re/workspace/8-2-build-macosx-x86_64/jdk8u181/11358/hotspot/src/share/vm/prims/methodHandles.cpp, line 1167]
Event: 0.426 Thread 0x00007f82ca803800 Exception <a 'java/io/FileNotFoundException'> (0x00000007958145c8) thrown at [/Users/java_re/workspace/8-2-build-macosx-x86_64/jdk8u181/11358/hotspot/src/share/vm/prims/jni.cpp, line 709]
Event: 0.426 Thread 0x00007f82ca803800 Exception <a 'java/io/FileNotFoundException'> (0x0000000795815150) thrown at [/Users/java_re/workspace/8-2-build-macosx-x86_64/jdk8u181/11358/hotspot/src/share/vm/prims/jni.cpp, line 709]
Event: 645.106 Thread 0x00007f82cb18d800 Implicit null exception at 0x000000010b239a6c to 0x000000010b239c45
Event: 645.289 Thread 0x00007f82caa78800 Implicit null exception at 0x000000010b4d5327 to 0x000000010b4d80b9
Event: 5074.761 Thread 0x00007f82cb802000 Exception <a 'java/lang/NullPointerException'> (0x000000079566c568) thrown at [/Users/java_re/workspace/8-2-build-macosx-x86_64/jdk8u181/11358/hotspot/src/share/vm/interpreter/linkResolver.cpp, line 1185]

Events (10 events):
Event: 891.436 Thread 0x00007f82caa78800 DEOPT PACKING pc=0x000000010b52266c sp=0x0000700008cd9ee0
Event: 891.436 Thread 0x00007f82caa78800 DEOPT UNPACKING pc=0x000000010b02f73a sp=0x0000700008cd9dd8 mode 2
Event: 891.436 Thread 0x00007f82caa78800 Uncommon trap: trap_request=0xffffffde fr.pc=0x000000010b47a5d0
Event: 891.436 Thread 0x00007f82caa78800 DEOPT PACKING pc=0x000000010b47a5d0 sp=0x0000700008cd9d80
Event: 891.436 Thread 0x00007f82caa78800 DEOPT UNPACKING pc=0x000000010b02f73a sp=0x0000700008cd9d58 mode 2
Event: 5074.742 Executing VM operation: ParallelGCFailedAllocation
Event: 5074.760 Executing VM operation: ParallelGCFailedAllocation done
Event: 5074.766 Thread 0x00007f82caa78800 Uncommon trap: trap_request=0xffffff65 fr.pc=0x000000010b590524
Event: 5074.766 Thread 0x00007f82caa78800 DEOPT PACKING pc=0x000000010b590524 sp=0x0000700008cda490
Event: 5074.766 Thread 0x00007f82caa78800 DEOPT UNPACKING pc=0x000000010b02f73a sp=0x0000700008cda368 mode 2


Dynamic libraries:
0x00007fff30e28000 	/System/Library/Frameworks/Cocoa.framework/Versions/A/Cocoa
0x00007fff3e3dc000 	/System/Library/Frameworks/Security.framework/Versions/A/Security
0x00007fff2fdc8000 	/System/Library/Frameworks/ApplicationServices.framework/Versions/A/ApplicationServices
0x00007fff6846f000 	/usr/lib/libz.1.dylib
0x00007fff65f57000 	/usr/lib/libSystem.B.dylib
0x00007fff67d97000 	/usr/lib/libobjc.A.dylib
0x00007fff31d91000 	/System/Library/Frameworks/CoreFoundation.framework/Versions/A/CoreFoundation
0x00007fff34454000 	/System/Library/Frameworks/Foundation.framework/Versions/C/Foundation
0x00007fff2efc0000 	/System/Library/Frameworks/AppKit.framework/Versions/C/AppKit
0x00007fff318a5000 	/System/Library/Frameworks/CoreData.framework/Versions/A/CoreData
0x00007fff62802000 	/System/Library/PrivateFrameworks/UIFoundation.framework/Versions/A/UIFoundation
0x00007fff5d033000 	/System/Library/PrivateFrameworks/RemoteViewServices.framework/Versions/A/RemoteViewServices
0x00007fff65285000 	/System/Library/PrivateFrameworks/XCTTargetBootstrap.framework/Versions/A/XCTTargetBootstrap
0x00007fff31c84000 	/System/Library/Frameworks/CoreDisplay.framework/Versions/A/CoreDisplay
0x00007fff371c7000 	/System/Library/Frameworks/Metal.framework/Versions/A/Metal
0x00007fff4b555000 	/System/Library/PrivateFrameworks/DesktopServicesPriv.framework/Versions/A/DesktopServicesPriv
0x00007fff67082000 	/usr/lib/liblangid.dylib
0x00007fff4a6ac000 	/System/Library/PrivateFrameworks/CoreSVG.framework/Versions/A/CoreSVG
0x00007fff5fdb3000 	/System/Library/PrivateFrameworks/SkyLight.framework/Versions/A/SkyLight
0x00007fff32212000 	/System/Library/Frameworks/CoreGraphics.framework/Versions/A/CoreGraphics
0x00007fff2db61000 	/System/Library/Frameworks/Accelerate.framework/Versions/A/Accelerate
0x00007fff68360000 	/usr/lib/libxml2.2.dylib
0x00007fff56242000 	/System/Library/PrivateFrameworks/IconServices.framework/Versions/A/IconServices
0x00007fff34c36000 	/System/Library/Frameworks/IOSurface.framework/Versions/A/IOSurface
0x00007fff65a8f000 	/usr/lib/libDiagnosticMessagesClient.dylib
0x00007fff4b3ce000 	/System/Library/PrivateFrameworks/DFRFoundation.framework/Versions/A/DFRFoundation
0x00007fff66e10000 	/usr/lib/libicucore.A.dylib
0x00007fff300fa000 	/System/Library/Frameworks/AudioToolbox.framework/Versions/A/AudioToolbox
0x00007fff301dc000 	/System/Library/Frameworks/AudioUnit.framework/Versions/A/AudioUnit
0x00007fff66159000 	/usr/lib/libauto.dylib
0x00007fff4b44f000 	/System/Library/PrivateFrameworks/DataDetectorsCore.framework/Versions/A/DataDetectorsCore
0x00007fff30948000 	/System/Library/Frameworks/Carbon.framework/Versions/A/Frameworks/HIToolbox.framework/Versions/A/HIToolbox
0x00007fff3d611000 	/System/Library/Frameworks/QuartzCore.framework/Versions/A/QuartzCore
0x00007fff30c87000 	/System/Library/Frameworks/Carbon.framework/Versions/A/Frameworks/SpeechRecognition.framework/Versions/A/SpeechRecognition
0x00007fff4ad52000 	/System/Library/PrivateFrameworks/CoreUI.framework/Versions/A/CoreUI
0x00007fff3130b000 	/System/Library/Frameworks/CoreAudio.framework/Versions/A/CoreAudio
0x00007fff3411c000 	/System/Library/Frameworks/DiskArbitration.framework/Versions/A/DiskArbitration
0x00007fff5824b000 	/System/Library/PrivateFrameworks/MultitouchSupport.framework/Versions/A/MultitouchSupport
0x00007fff66cd6000 	/usr/lib/libenergytrace.dylib
0x00007fff34b91000 	/System/Library/Frameworks/IOKit.framework/Versions/A/IOKit
0x00007fff3317e000 	/System/Library/Frameworks/CoreServices.framework/Versions/A/CoreServices
0x00007fff5a2c1000 	/System/Library/PrivateFrameworks/PerformanceAnalysis.framework/Versions/A/PerformanceAnalysis
0x00007fff3c648000 	/System/Library/Frameworks/OpenGL.framework/Versions/A/OpenGL
0x00007fff30e36000 	/System/Library/Frameworks/ColorSync.framework/Versions/A/ColorSync
0x00007fff32898000 	/System/Library/Frameworks/CoreImage.framework/Versions/A/CoreImage
0x00007fff33bf3000 	/System/Library/Frameworks/CoreText.framework/Versions/A/CoreText
0x00007fff34cbd000 	/System/Library/Frameworks/ImageIO.framework/Versions/A/ImageIO
0x00007fff66235000 	/usr/lib/libc++.1.dylib
0x00007fff662b1000 	/usr/lib/libcompression.dylib
0x00007fff65dd1000 	/usr/lib/libMobileGestalt.dylib
0x00007fff618e4000 	/System/Library/PrivateFrameworks/TextureIO.framework/Versions/A/TextureIO
0x00007fff660bf000 	/usr/lib/libate.dylib
0x00007fff5644a000 	/System/Library/PrivateFrameworks/InternationalSupport.framework/Versions/A/InternationalSupport
0x00007fff68ee7000 	/usr/lib/system/libcache.dylib
0x00007fff68eed000 	/usr/lib/system/libcommonCrypto.dylib
0x00007fff68ef9000 	/usr/lib/system/libcompiler_rt.dylib
0x00007fff68f01000 	/usr/lib/system/libcopyfile.dylib
0x00007fff68f0b000 	/usr/lib/system/libcorecrypto.dylib
0x00007fff690b9000 	/usr/lib/system/libdispatch.dylib
0x00007fff690fb000 	/usr/lib/system/libdyld.dylib
0x00007fff69131000 	/usr/lib/system/libkeymgr.dylib
0x00007fff6913f000 	/usr/lib/system/liblaunch.dylib
0x00007fff69140000 	/usr/lib/system/libmacho.dylib
0x00007fff69146000 	/usr/lib/system/libquarantine.dylib
0x00007fff69149000 	/usr/lib/system/libremovefile.dylib
0x00007fff6914b000 	/usr/lib/system/libsystem_asl.dylib
0x00007fff69163000 	/usr/lib/system/libsystem_blocks.dylib
0x00007fff69164000 	/usr/lib/system/libsystem_c.dylib
0x00007fff691ec000 	/usr/lib/system/libsystem_configuration.dylib
0x00007fff691f0000 	/usr/lib/system/libsystem_coreservices.dylib
0x00007fff691f4000 	/usr/lib/system/libsystem_darwin.dylib
0x00007fff691fc000 	/usr/lib/system/libsystem_dnssd.dylib
0x00007fff69204000 	/usr/lib/system/libsystem_featureflags.dylib
0x00007fff69206000 	/usr/lib/system/libsystem_info.dylib
0x00007fff69281000 	/usr/lib/system/libsystem_m.dylib
0x00007fff692c9000 	/usr/lib/system/libsystem_malloc.dylib
0x00007fff692f1000 	/usr/lib/system/libsystem_networkextension.dylib
0x00007fff692ff000 	/usr/lib/system/libsystem_notify.dylib
0x00007fff6931e000 	/usr/lib/system/libsystem_sandbox.dylib
0x00007fff69323000 	/usr/lib/system/libsystem_secinit.dylib
0x00007fff69254000 	/usr/lib/system/libsystem_kernel.dylib
0x00007fff69309000 	/usr/lib/system/libsystem_platform.dylib
0x00007fff69313000 	/usr/lib/system/libsystem_pthread.dylib
0x00007fff69326000 	/usr/lib/system/libsystem_symptoms.dylib
0x00007fff6932e000 	/usr/lib/system/libsystem_trace.dylib
0x00007fff69346000 	/usr/lib/system/libunwind.dylib
0x00007fff6934c000 	/usr/lib/system/libxpc.dylib
0x00007fff66289000 	/usr/lib/libc++abi.dylib
0x00007fff67084000 	/usr/lib/liblzma.5.dylib
0x00007fff66cfe000 	/usr/lib/libfakelink.dylib
0x00007fff6604c000 	/usr/lib/libarchive.2.dylib
0x00007fff3f596000 	/System/Library/Frameworks/SystemConfiguration.framework/Versions/A/SystemConfiguration
0x00007fff659c0000 	/usr/lib/libCRFSuite.dylib
0x00007fff30552000 	/System/Library/Frameworks/CFNetwork.framework/Versions/A/CFNetwork
0x00007fff66217000 	/usr/lib/libbsm.0.dylib
0x00007fff69132000 	/usr/lib/system/libkxld.dylib
0x00007fff44eeb000 	/System/Library/PrivateFrameworks/AppleFSCompression.framework/Versions/A/AppleFSCompression
0x00007fff66595000 	/usr/lib/libcoretls.dylib
0x00007fff665ac000 	/usr/lib/libcoretls_cfhelpers.dylib
0x00007fff67ddb000 	/usr/lib/libpam.2.dylib
0x00007fff67f0b000 	/usr/lib/libsqlite3.dylib
0x00007fff6834d000 	/usr/lib/libxar.1.dylib
0x00007fff66228000 	/usr/lib/libbz2.1.0.dylib
0x00007fff66d1f000 	/usr/lib/libiconv.2.dylib
0x00007fff6629e000 	/usr/lib/libcharset.1.dylib
0x00007fff67886000 	/usr/lib/libnetwork.dylib
0x00007fff67de2000 	/usr/lib/libpcap.A.dylib
0x00007fff66001000 	/usr/lib/libapple_nghttp2.dylib
0x00007fff33535000 	/System/Library/Frameworks/CoreServices.framework/Versions/A/Frameworks/FSEvents.framework/Versions/A/FSEvents
0x00007fff33205000 	/System/Library/Frameworks/CoreServices.framework/Versions/A/Frameworks/CarbonCore.framework/Versions/A/CarbonCore
0x00007fff33778000 	/System/Library/Frameworks/CoreServices.framework/Versions/A/Frameworks/Metadata.framework/Versions/A/Metadata
0x00007fff33811000 	/System/Library/Frameworks/CoreServices.framework/Versions/A/Frameworks/OSServices.framework/Versions/A/OSServices
0x00007fff3383f000 	/System/Library/Frameworks/CoreServices.framework/Versions/A/Frameworks/SearchKit.framework/Versions/A/SearchKit
0x00007fff3317f000 	/System/Library/Frameworks/CoreServices.framework/Versions/A/Frameworks/AE.framework/Versions/A/AE
0x00007fff3353e000 	/System/Library/Frameworks/CoreServices.framework/Versions/A/Frameworks/LaunchServices.framework/Versions/A/LaunchServices
0x00007fff334e7000 	/System/Library/Frameworks/CoreServices.framework/Versions/A/Frameworks/DictionaryServices.framework/Versions/A/DictionaryServices
0x00007fff338a7000 	/System/Library/Frameworks/CoreServices.framework/Versions/A/Frameworks/SharedFileList.framework/Versions/A/SharedFileList
0x00007fff3849c000 	/System/Library/Frameworks/NetFS.framework/Versions/A/NetFS
0x00007fff586ee000 	/System/Library/PrivateFrameworks/NetAuth.framework/Versions/A/NetAuth
0x00007fff6564f000 	/System/Library/PrivateFrameworks/login.framework/Versions/A/Frameworks/loginsupport.framework/Versions/A/loginsupport
0x00007fff613e2000 	/System/Library/PrivateFrameworks/TCC.framework/Versions/A/TCC
0x00007fff49a7f000 	/System/Library/PrivateFrameworks/CoreNLP.framework/Versions/A/CoreNLP
0x00007fff57c7b000 	/System/Library/PrivateFrameworks/MetadataUtilities.framework/Versions/A/MetadataUtilities
0x00007fff6715c000 	/usr/lib/libmecabra.dylib
0x00007fff670b4000 	/usr/lib/libmecab.dylib
0x00007fff66d0f000 	/usr/lib/libgermantok.dylib
0x00007fff65fe8000 	/usr/lib/libThaiTokenizer.dylib
0x00007fff659f8000 	/usr/lib/libChineseTokenizer.dylib
0x00007fff2db79000 	/System/Library/Frameworks/Accelerate.framework/Versions/A/Frameworks/vImage.framework/Versions/A/vImage
0x00007fff2ee1b000 	/System/Library/Frameworks/Accelerate.framework/Versions/A/Frameworks/vecLib.framework/Versions/A/vecLib
0x00007fff2ed5f000 	/System/Library/Frameworks/Accelerate.framework/Versions/A/Frameworks/vecLib.framework/Versions/A/libvMisc.dylib
0x00007fff2eb85000 	/System/Library/Frameworks/Accelerate.framework/Versions/A/Frameworks/vecLib.framework/Versions/A/libvDSP.dylib
0x00007fff2e1e5000 	/System/Library/Frameworks/Accelerate.framework/Versions/A/Frameworks/vecLib.framework/Versions/A/libBLAS.dylib
0x00007fff2e73f000 	/System/Library/Frameworks/Accelerate.framework/Versions/A/Frameworks/vecLib.framework/Versions/A/libLAPACK.dylib
0x00007fff2eae5000 	/System/Library/Frameworks/Accelerate.framework/Versions/A/Frameworks/vecLib.framework/Versions/A/libLinearAlgebra.dylib
0x00007fff2eb72000 	/System/Library/Frameworks/Accelerate.framework/Versions/A/Frameworks/vecLib.framework/Versions/A/libSparseBLAS.dylib
0x00007fff2eafb000 	/System/Library/Frameworks/Accelerate.framework/Versions/A/Frameworks/vecLib.framework/Versions/A/libQuadrature.dylib
0x00007fff2e44e000 	/System/Library/Frameworks/Accelerate.framework/Versions/A/Frameworks/vecLib.framework/Versions/A/libBNNS.dylib
0x00007fff2eb01000 	/System/Library/Frameworks/Accelerate.framework/Versions/A/Frameworks/vecLib.framework/Versions/A/libSparse.dylib
0x00007fff56808000 	/System/Library/PrivateFrameworks/LanguageModeling.framework/Versions/A/LanguageModeling
0x00007fff4941e000 	/System/Library/PrivateFrameworks/CoreEmoji.framework/Versions/A/CoreEmoji
0x00007fff56926000 	/System/Library/PrivateFrameworks/LinguisticData.framework/Versions/A/LinguisticData
0x00007fff568d7000 	/System/Library/PrivateFrameworks/Lexicon.framework/Versions/A/Lexicon
0x00007fff6629f000 	/usr/lib/libcmph.dylib
0x00007fff3b06e000 	/System/Library/Frameworks/OpenDirectory.framework/Versions/A/Frameworks/CFOpenDirectory.framework/Versions/A/CFOpenDirectory
0x00007fff3b08b000 	/System/Library/Frameworks/OpenDirectory.framework/Versions/A/OpenDirectory
0x00007fff4335c000 	/System/Library/PrivateFrameworks/APFS.framework/Versions/A/APFS
0x00007fff3e723000 	/System/Library/Frameworks/SecurityFoundation.framework/Versions/A/SecurityFoundation
0x00007fff68349000 	/usr/lib/libutil.dylib
0x00007fff4a704000 	/System/Library/PrivateFrameworks/CoreServicesStore.framework/Versions/A/CoreServicesStore
0x00007fff3e805000 	/System/Library/Frameworks/ServiceManagement.framework/Versions/A/ServiceManagement
0x00007fff4669d000 	/System/Library/PrivateFrameworks/BackgroundTaskManagement.framework/Versions/A/BackgroundTaskManagement
0x00007fff68446000 	/usr/lib/libxslt.1.dylib
0x00007fff4554e000 	/System/Library/PrivateFrameworks/AppleSystemInfo.framework/Versions/A/AppleSystemInfo
0x00007fff34ed9000 	/System/Library/Frameworks/ImageIO.framework/Versions/A/Resources/libJPEG.dylib
0x00007fff35198000 	/System/Library/Frameworks/ImageIO.framework/Versions/A/Resources/libTIFF.dylib
0x00007fff3517b000 	/System/Library/Frameworks/ImageIO.framework/Versions/A/Resources/libPng.dylib
0x00007fff34e1a000 	/System/Library/Frameworks/ImageIO.framework/Versions/A/Resources/libGIF.dylib
0x00007fff34e1e000 	/System/Library/Frameworks/ImageIO.framework/Versions/A/Resources/libJP2.dylib
0x00007fff35196000 	/System/Library/Frameworks/ImageIO.framework/Versions/A/Resources/libRadiance.dylib
0x00007fff66cd7000 	/usr/lib/libexpat.1.dylib
0x00007fff45046000 	/System/Library/PrivateFrameworks/AppleJPEG.framework/Versions/A/AppleJPEG
0x00007fff4d94f000 	/System/Library/PrivateFrameworks/FontServices.framework/libFontParser.dylib
0x00007fff646ad000 	/System/Library/PrivateFrameworks/WatchdogClient.framework/Versions/A/WatchdogClient
0x00007fff55e97000 	/System/Library/PrivateFrameworks/IOAccelerator.framework/Versions/A/IOAccelerator
0x00007fff37555000 	/System/Library/Frameworks/MetalPerformanceShaders.framework/Versions/A/MetalPerformanceShaders
0x00007fff5269c000 	/System/Library/PrivateFrameworks/GPUWrangler.framework/Versions/A/GPUWrangler
0x00007fff55ea2000 	/System/Library/PrivateFrameworks/IOPresentment.framework/Versions/A/IOPresentment
0x00007fff4b3e1000 	/System/Library/PrivateFrameworks/DSExternalDisplay.framework/Versions/A/DSExternalDisplay
0x00007fff3b9f4000 	/System/Library/Frameworks/OpenGL.framework/Versions/A/Libraries/libCoreFSCache.dylib
0x00007fff372a7000 	/System/Library/Frameworks/MetalPerformanceShaders.framework/Frameworks/MPSCore.framework/Versions/A/MPSCore
0x00007fff372e4000 	/System/Library/Frameworks/MetalPerformanceShaders.framework/Frameworks/MPSImage.framework/Versions/A/MPSImage
0x00007fff373a6000 	/System/Library/Frameworks/MetalPerformanceShaders.framework/Frameworks/MPSNeuralNetwork.framework/Versions/A/MPSNeuralNetwork
0x00007fff3736b000 	/System/Library/Frameworks/MetalPerformanceShaders.framework/Frameworks/MPSMatrix.framework/Versions/A/MPSMatrix
0x00007fff37506000 	/System/Library/Frameworks/MetalPerformanceShaders.framework/Frameworks/MPSRayIntersector.framework/Versions/A/MPSRayIntersector
0x00007fff37390000 	/System/Library/Frameworks/MetalPerformanceShaders.framework/Frameworks/MPSNDArray.framework/Versions/A/MPSNDArray
0x00007fff57cc8000 	/System/Library/PrivateFrameworks/MetalTools.framework/Versions/A/MetalTools
0x00007fff444fc000 	/System/Library/PrivateFrameworks/AggregateDictionary.framework/Versions/A/AggregateDictionary
0x00007fff48eb1000 	/System/Library/PrivateFrameworks/CoreAnalytics.framework/Versions/A/CoreAnalytics
0x00007fff4546c000 	/System/Library/PrivateFrameworks/AppleSauce.framework/Versions/A/AppleSauce
0x00007fff65cb4000 	/usr/lib/libIOReport.dylib
0x00007fff33da8000 	/System/Library/Frameworks/CoreVideo.framework/Versions/A/CoreVideo
0x00007fff53b01000 	/System/Library/PrivateFrameworks/GraphVisualizer.framework/Versions/A/GraphVisualizer
0x00007fff4cece000 	/System/Library/PrivateFrameworks/FaceCore.framework/Versions/A/FaceCore
0x00007fff3b015000 	/System/Library/Frameworks/OpenCL.framework/Versions/A/OpenCL
0x00007fff65ad6000 	/usr/lib/libFosl_dynamic.dylib
0x00007fff590e6000 	/System/Library/PrivateFrameworks/OTSVG.framework/Versions/A/OTSVG
0x00007fff2fecd000 	/System/Library/Frameworks/ApplicationServices.framework/Versions/A/Frameworks/ATS.framework/Versions/A/Resources/libFontRegistry.dylib
0x00007fff4db20000 	/System/Library/PrivateFrameworks/FontServices.framework/libhvf.dylib
0x00007fff3b9ff000 	/System/Library/Frameworks/OpenGL.framework/Versions/A/Libraries/libGFXShared.dylib
0x00007fff3bbdc000 	/System/Library/Frameworks/OpenGL.framework/Versions/A/Libraries/libGLU.dylib
0x00007fff3ba08000 	/System/Library/Frameworks/OpenGL.framework/Versions/A/Libraries/libGL.dylib
0x00007fff3ba13000 	/System/Library/Frameworks/OpenGL.framework/Versions/A/Libraries/libGLImage.dylib
0x00007fff3b9f1000 	/System/Library/Frameworks/OpenGL.framework/Versions/A/Libraries/libCVMSPluginSupport.dylib
0x00007fff3b9fa000 	/System/Library/Frameworks/OpenGL.framework/Versions/A/Libraries/libCoreVMClient.dylib
0x00007fff67728000 	/usr/lib/libncurses.5.4.dylib
0x00007fff2fdc9000 	/System/Library/Frameworks/ApplicationServices.framework/Versions/A/Frameworks/ATS.framework/Versions/A/ATS
0x00007fff2ff96000 	/System/Library/Frameworks/ApplicationServices.framework/Versions/A/Frameworks/ColorSyncLegacy.framework/Versions/A/ColorSyncLegacy
0x00007fff30035000 	/System/Library/Frameworks/ApplicationServices.framework/Versions/A/Frameworks/HIServices.framework/Versions/A/HIServices
0x00007fff3008c000 	/System/Library/Frameworks/ApplicationServices.framework/Versions/A/Frameworks/LangAnalysis.framework/Versions/A/LangAnalysis
0x00007fff3009b000 	/System/Library/Frameworks/ApplicationServices.framework/Versions/A/Frameworks/PrintCore.framework/Versions/A/PrintCore
0x00007fff300e1000 	/System/Library/Frameworks/ApplicationServices.framework/Versions/A/Frameworks/QD.framework/Versions/A/QD
0x00007fff300ec000 	/System/Library/Frameworks/ApplicationServices.framework/Versions/A/Frameworks/SpeechSynthesis.framework/Versions/A/SpeechSynthesis
0x00007fff2ff66000 	/System/Library/Frameworks/ApplicationServices.framework/Versions/A/Frameworks/ATSUI.framework/Versions/A/ATSUI
0x00007fff66b6b000 	/usr/lib/libcups.2.dylib
0x00007fff36606000 	/System/Library/Frameworks/Kerberos.framework/Versions/A/Kerberos
0x00007fff34888000 	/System/Library/Frameworks/GSS.framework/Versions/A/GSS
0x00007fff67e97000 	/usr/lib/libresolv.9.dylib
0x00007fff53ca2000 	/System/Library/PrivateFrameworks/Heimdal.framework/Versions/A/Heimdal
0x00007fff36619000 	/System/Library/Frameworks/Kerberos.framework/Versions/A/Libraries/libHeimdalProxy.dylib
0x00007fff66d15000 	/usr/lib/libheimdal-asn1.dylib
0x00007fff48355000 	/System/Library/PrivateFrameworks/CommonAuth.framework/Versions/A/CommonAuth
0x00007fff455eb000 	/System/Library/PrivateFrameworks/AssertionServices.framework/Versions/A/AssertionServices
0x00007fff4618b000 	/System/Library/PrivateFrameworks/AudioToolboxCore.framework/Versions/A/AudioToolboxCore
0x00007fff65301000 	/System/Library/PrivateFrameworks/caulk.framework/Versions/A/caulk
0x00007fff46749000 	/System/Library/PrivateFrameworks/BaseBoard.framework/Versions/A/BaseBoard
0x00007fff5d1c1000 	/System/Library/PrivateFrameworks/RunningBoardServices.framework/Versions/A/RunningBoardServices
0x00007fff5a2cd000 	/System/Library/PrivateFrameworks/PersistentConnection.framework/Versions/A/PersistentConnection
0x00007fff5cc15000 	/System/Library/PrivateFrameworks/ProtocolBuffer.framework/Versions/A/ProtocolBuffer
0x00007fff4837a000 	/System/Library/PrivateFrameworks/CommonUtilities.framework/Versions/A/CommonUtilities
0x00007fff468cc000 	/System/Library/PrivateFrameworks/Bom.framework/Versions/A/Bom
0x00007fff65984000 	/usr/lib/libAudioToolboxUtility.dylib
0x00007fff466a7000 	/System/Library/PrivateFrameworks/Backup.framework/Versions/A/Backup
0x00007fff4b14f000 	/System/Library/PrivateFrameworks/CrashReporterSupport.framework/Versions/A/CrashReporterSupport
0x00007fff5ec5b000 	/System/Library/PrivateFrameworks/Sharing.framework/Versions/A/Sharing
0x00007fff44d91000 	/System/Library/PrivateFrameworks/Apple80211.framework/Versions/A/Apple80211
0x00007fff463c9000 	/System/Library/PrivateFrameworks/AuthKit.framework/Versions/A/AuthKit
0x00007fff4ae7f000 	/System/Library/PrivateFrameworks/CoreUtils.framework/Versions/A/CoreUtils
0x00007fff33ded000 	/System/Library/Frameworks/CoreWLAN.framework/Versions/A/CoreWLAN
0x00007fff34a12000 	/System/Library/Frameworks/IOBluetooth.framework/Versions/A/IOBluetooth
0x00007fff57fc6000 	/System/Library/PrivateFrameworks/MobileKeyBag.framework/Versions/A/MobileKeyBag
0x00007fff49f58000 	/System/Library/PrivateFrameworks/CorePhoneNumbers.framework/Versions/A/CorePhoneNumbers
0x00007fff44ff9000 	/System/Library/PrivateFrameworks/AppleIDAuthSupport.framework/Versions/A/AppleIDAuthSupport
0x00007fff384a9000 	/System/Library/Frameworks/Network.framework/Versions/A/Network
0x00007fff56691000 	/System/Library/PrivateFrameworks/KeychainCircle.framework/Versions/A/KeychainCircle
0x00007fff3186d000 	/System/Library/Frameworks/CoreBluetooth.framework/Versions/A/CoreBluetooth
0x00007fff608f3000 	/System/Library/PrivateFrameworks/SpeechRecognitionCore.framework/Versions/A/SpeechRecognitionCore
0x0000000103800000 	/Library/Java/JavaVirtualMachines/jdk1.8.0_181.jdk/Contents/Home/jre/lib/server/libjvm.dylib
0x00007fff6821c000 	/usr/lib/libstdc++.6.dylib
0x0000000102f61000 	/Library/Java/JavaVirtualMachines/jdk1.8.0_181.jdk/Contents/Home/jre/lib/libverify.dylib
0x0000000102f6f000 	/Library/Java/JavaVirtualMachines/jdk1.8.0_181.jdk/Contents/Home/jre/lib/libjava.dylib
0x0000000102fef000 	/Library/Java/JavaVirtualMachines/jdk1.8.0_181.jdk/Contents/Home/jre/lib/libzip.dylib
0x000000011be1c000 	/Library/Java/JavaVirtualMachines/jdk1.8.0_181.jdk/Contents/Home/jre/lib/libawt.dylib
0x000000011bec6000 	/Library/Java/JavaVirtualMachines/jdk1.8.0_181.jdk/Contents/Home/jre/lib/libmlib_image.dylib
0x00007fff365ef000 	/System/Library/Frameworks/JavaVM.framework/Versions/A/Frameworks/JavaNativeFoundation.framework/Versions/A/JavaNativeFoundation
0x00007fff365f8000 	/System/Library/Frameworks/JavaVM.framework/Versions/A/Frameworks/JavaRuntimeSupport.framework/Versions/A/JavaRuntimeSupport
0x00007fff36601000 	/System/Library/Frameworks/JavaVM.framework/Versions/A/JavaVM
0x00007fff564f4000 	/System/Library/PrivateFrameworks/JavaLaunching.framework/Versions/A/JavaLaunching
0x00007fff30943000 	/System/Library/Frameworks/Carbon.framework/Versions/A/Carbon
0x00007fff4ac33000 	/System/Library/PrivateFrameworks/CoreSymbolication.framework/Versions/A/CoreSymbolication
0x00007fff30944000 	/System/Library/Frameworks/Carbon.framework/Versions/A/Frameworks/CommonPanels.framework/Versions/A/CommonPanels
0x00007fff30c3d000 	/System/Library/Frameworks/Carbon.framework/Versions/A/Frameworks/Help.framework/Versions/A/Help
0x00007fff30c41000 	/System/Library/Frameworks/Carbon.framework/Versions/A/Frameworks/ImageCapture.framework/Versions/A/ImageCapture
0x00007fff30c48000 	/System/Library/Frameworks/Carbon.framework/Versions/A/Frameworks/OpenScripting.framework/Versions/A/OpenScripting
0x00007fff30c47000 	/System/Library/Frameworks/Carbon.framework/Versions/A/Frameworks/Ink.framework/Versions/A/Ink
0x00007fff30c83000 	/System/Library/Frameworks/Carbon.framework/Versions/A/Frameworks/Print.framework/Versions/A/Print
0x00007fff30c84000 	/System/Library/Frameworks/Carbon.framework/Versions/A/Frameworks/SecurityHI.framework/Versions/A/SecurityHI
0x00007fff4b516000 	/System/Library/PrivateFrameworks/DebugSymbols.framework/Versions/A/DebugSymbols
0x000000011bf92000 	/Library/Java/JavaVirtualMachines/jdk1.8.0_181.jdk/Contents/Home/jre/lib/libawt_lwawt.dylib
0x000000010ae7a000 	/Library/Java/JavaVirtualMachines/jdk1.8.0_181.jdk/Contents/Home/jre/lib/libosxapp.dylib
0x00007fff342f6000 	/System/Library/Frameworks/ExceptionHandling.framework/Versions/A/ExceptionHandling
0x00007fff4a6d0000 	/System/Library/PrivateFrameworks/CoreServicesInternal.framework/Versions/A/CoreServicesInternal
0x00007fff34315000 	/System/Library/Frameworks/FileProvider.framework/Versions/A/FileProvider
0x00007fff2ee1c000 	/System/Library/Frameworks/Accounts.framework/Versions/A/Accounts
0x00007fff529bd000 	/System/Library/PrivateFrameworks/GenerationalStorage.framework/Versions/A/GenerationalStorage
0x00007fff61124000 	/System/Library/PrivateFrameworks/SymptomDiagnosticReporter.framework/Versions/A/SymptomDiagnosticReporter
0x00007fff4488a000 	/System/Library/PrivateFrameworks/AppContainer.framework/Versions/A/AppContainer
0x00007fff67eb1000 	/usr/lib/libsandbox.1.dylib
0x00007fff6364c000 	/System/Library/PrivateFrameworks/UserManagement.framework/Versions/A/UserManagement
0x00007fff4747d000 	/System/Library/PrivateFrameworks/ChunkingLibrary.framework/Versions/A/ChunkingLibrary
0x00007fff448fc000 	/System/Library/PrivateFrameworks/AppSandbox.framework/Versions/A/AppSandbox
0x00007fff5eb10000 	/System/Library/PrivateFrameworks/SecCodeWrapper.framework/Versions/A/SecCodeWrapper
0x00007fff65d9a000 	/usr/lib/libMatch.1.dylib
0x00007fff2646e000 	/System/Library/CoreServices/RawCamera.bundle/Contents/MacOS/RawCamera
0x00007fff57df0000 	/System/Library/PrivateFrameworks/MobileAsset.framework/Versions/A/MobileAsset
0x00007fff60fd2000 	/System/Library/PrivateFrameworks/StreamingZip.framework/Versions/A/StreamingZip
0x00007fff36a82000 	/System/Library/Frameworks/MediaToolbox.framework/Versions/A/MediaToolbox
0x00007fff48e60000 	/System/Library/PrivateFrameworks/CoreAVCHD.framework/Versions/A/CoreAVCHD
0x00007fff369ac000 	/System/Library/Frameworks/MediaAccessibility.framework/Versions/A/MediaAccessibility
0x00007fff571c2000 	/System/Library/PrivateFrameworks/Mangrove.framework/Versions/A/Mangrove
0x00007fff32fb9000 	/System/Library/Frameworks/CoreMedia.framework/Versions/A/CoreMedia
0x00007fff57427000 	/System/Library/PrivateFrameworks/MediaExperience.framework/Versions/A/MediaExperience
0x00007fff3f87c000 	/System/Library/Frameworks/VideoToolbox.framework/Versions/A/VideoToolbox
0x00007fff48a8a000 	/System/Library/PrivateFrameworks/CoreAUC.framework/Versions/A/CoreAUC
0x00007fff67f09000 	/usr/lib/libspindump.dylib
0x00007fff45b36000 	/System/Library/PrivateFrameworks/AudioResourceArbitration.framework/Versions/A/AudioResourceArbitration
0x00007fff45552000 	/System/Library/PrivateFrameworks/AppleVA.framework/Versions/A/AppleVA
0x00007fff2db62000 	/System/Library/Frameworks/Accelerate.framework/Versions/A/Frameworks/vImage.framework/Versions/A/Libraries/libCGInterfaces.dylib
0x000000011d8d1000 	/usr/lib/libobjc-trampolines.dylib
0x00007fff4da87000 	/System/Library/PrivateFrameworks/FontServices.framework/libTrueTypeScaler.dylib
0x00007fff29bf3000 	/System/Library/Extensions/AppleIntelHD5000GraphicsMTLDriver.bundle/Contents/MacOS/AppleIntelHD5000GraphicsMTLDriver
0x00007fff50ff4000 	/System/Library/PrivateFrameworks/GPUCompiler.framework/Versions/3902/Libraries/libmetal_timestamp.dylib
0x00007fff4d2f9000 	/System/Library/PrivateFrameworks/FamilyControls.framework/Versions/A/FamilyControls
0x00007fff48349000 	/System/Library/PrivateFrameworks/CommerceKit.framework/Versions/A/Frameworks/CommerceCore.framework/Versions/A/CommerceCore
0x00007fff6119f000 	/System/Library/PrivateFrameworks/SystemAdministration.framework/Versions/A/SystemAdministration
0x00007fff4b8a5000 	/System/Library/PrivateFrameworks/DiskManagement.framework/Versions/A/DiskManagement
0x00007fff34040000 	/System/Library/Frameworks/DirectoryService.framework/Versions/A/DirectoryService
0x00007fff4b7dc000 	/System/Library/PrivateFrameworks/DiskImages.framework/Versions/A/DiskImages
0x00007fff569ce000 	/System/Library/PrivateFrameworks/LoginUIKit.framework/Versions/A/Frameworks/LoginUICore.framework/Versions/A/LoginUICore
0x00007fff65a03000 	/usr/lib/libCoreStorage.dylib
0x00007fff66b58000 	/usr/lib/libcsfde.dylib
0x00007fff67dc9000 	/usr/lib/libodfde.dylib
0x00007fff574b2000 	/System/Library/PrivateFrameworks/MediaKit.framework/Versions/A/MediaKit
0x00007fff3404c000 	/System/Library/Frameworks/DiscRecording.framework/Versions/A/DiscRecording
0x00007fff4ba54000 	/System/Library/PrivateFrameworks/EFILogin.framework/Versions/A/EFILogin
0x00007fff5cbba000 	/System/Library/PrivateFrameworks/ProtectedCloudStorage.framework/Versions/A/ProtectedCloudStorage
0x00007fff66bcc000 	/usr/lib/libcurl.4.dylib
0x00007fff66a51000 	/usr/lib/libcrypto.44.dylib
0x00007fff681ec000 	/usr/lib/libssl.46.dylib
0x00007fff3661a000 	/System/Library/Frameworks/LDAP.framework/Versions/A/LDAP
0x00007fff61b28000 	/System/Library/PrivateFrameworks/TrustEvaluationAgent.framework/Versions/A/TrustEvaluationAgent
0x00007fff67ef6000 	/usr/lib/libsasl2.2.dylib
0x00007fff4919b000 	/System/Library/PrivateFrameworks/CoreDaemon.framework/Versions/B/CoreDaemon
0x00007fff45467000 	/System/Library/PrivateFrameworks/AppleSRP.framework/Versions/A/AppleSRP
0x00007fff6441e000 	/System/Library/PrivateFrameworks/ViewBridge.framework/Versions/A/ViewBridge
0x000000011e57d000 	/Library/Java/JavaVirtualMachines/jdk1.8.0_181.jdk/Contents/Home/jre/lib/libfontmanager.dylib
0x00007fff3c658000 	/System/Library/Frameworks/OpenGL.framework/Versions/A/Resources/GLEngine.bundle/GLEngine
0x00007fff3ba49000 	/System/Library/Frameworks/OpenGL.framework/Versions/A/Libraries/libGLProgrammability.dylib
0x00007fff296e1000 	/System/Library/Extensions/AppleIntelHD5000GraphicsGLDriver.bundle/Contents/MacOS/AppleIntelHD5000GraphicsGLDriver
0x00007fff52690000 	/System/Library/PrivateFrameworks/GPUSupport.framework/Versions/A/Libraries/libGPUSupportMercury.dylib
0x00007fff3c7d2000 	/System/Library/Frameworks/OpenGL.framework/Versions/A/Resources/GLRendererFloat.bundle/GLRendererFloat
0x00007fff3b00c000 	/System/Library/Frameworks/OpenCL.framework/Versions/A/Libraries/libcldcpuengine.dylib
0x00007fff66750000 	/usr/lib/libcrypto.35.dylib
0x00007fff65652000 	/System/Library/PrivateFrameworks/login.framework/Versions/A/login
0x000000011ef26000 	/Library/Java/JavaVirtualMachines/jdk1.8.0_181.jdk/Contents/Home/jre/lib/libosxui.dylib
0x00007fff53b2d000 	/System/Library/PrivateFrameworks/HDRProcessing.framework/Versions/A/HDRProcessing
0x000000011e296000 	/Library/Java/JavaVirtualMachines/jdk1.8.0_181.jdk/Contents/Home/jre/lib/libdcpr.dylib
0x000000011e345000 	/Library/Java/JavaVirtualMachines/jdk1.8.0_181.jdk/Contents/Home/jre/lib/libnet.dylib
0x000000011e35c000 	/Library/Java/JavaVirtualMachines/jdk1.8.0_181.jdk/Contents/Home/jre/lib/libnio.dylib

VM Arguments:
jvm_args: -Dfile.encoding=UTF-8 
java_command: goodCode_useThis
java_class_path (initial): /Users/paulryder/eclipse-workspace/Graphics_Fun/bin
Launcher Type: SUN_STANDARD

Environment Variables:
PATH=/usr/bin:/bin:/usr/sbin:/sbin
SHELL=/bin/bash

Signal Handlers:
SIGSEGV: [libjvm.dylib+0x5b6029], sa_mask[0]=11111111011111110111111111111111, sa_flags=SA_ONSTACK|SA_RESTART|SA_SIGINFO
SIGBUS: [libjvm.dylib+0x5b6029], sa_mask[0]=11111111011111110111111111111111, sa_flags=SA_RESTART|SA_SIGINFO
SIGFPE: [libjvm.dylib+0x48b934], sa_mask[0]=11111111011111110111111111111111, sa_flags=SA_RESTART|SA_SIGINFO
SIGPIPE: [libjvm.dylib+0x48b934], sa_mask[0]=11111111011111110111111111111111, sa_flags=SA_RESTART|SA_SIGINFO
SIGXFSZ: [libjvm.dylib+0x48b934], sa_mask[0]=11111111011111110111111111111111, sa_flags=SA_RESTART|SA_SIGINFO
SIGILL: [libjvm.dylib+0x48b934], sa_mask[0]=11111111011111110111111111111111, sa_flags=SA_RESTART|SA_SIGINFO
SIGUSR1: SIG_DFL, sa_mask[0]=00000000000000000000000000000000, sa_flags=none
SIGUSR2: [libjvm.dylib+0x48b452], sa_mask[0]=00100000000000000000000000000000, sa_flags=SA_RESTART|SA_SIGINFO
SIGHUP: [libjvm.dylib+0x489a1d], sa_mask[0]=11111111011111110111111111111111, sa_flags=SA_RESTART|SA_SIGINFO
SIGINT: [libjvm.dylib+0x489a1d], sa_mask[0]=11111111011111110111111111111111, sa_flags=SA_RESTART|SA_SIGINFO
SIGTERM: [libjvm.dylib+0x489a1d], sa_mask[0]=11111111011111110111111111111111, sa_flags=SA_RESTART|SA_SIGINFO
SIGQUIT: [libjvm.dylib+0x489a1d], sa_mask[0]=11111111011111110111111111111111, sa_flags=SA_RESTART|SA_SIGINFO


---------------  S Y S T E M  ---------------

OS:Bsduname:Darwin 19.0.0 Darwin Kernel Version 19.0.0: Thu Oct 17 16:17:15 PDT 2019; root:xnu-6153.41.3~29/RELEASE_X86_64 x86_64
rlimit: STACK 8192k, CORE 0k, NPROC 1392, NOFILE 10240, AS infinity
load average:3.07 2.91 2.79

CPU:total 4 (initial active 4) (2 cores per cpu, 2 threads per core) family 6 model 69 stepping 1, cmov, cx8, fxsr, mmx, sse, sse2, sse3, ssse3, sse4.1, sse4.2, popcnt, avx, avx2, aes, clmul, erms, lzcnt, ht, tsc, tscinvbit, bmi1, bmi2

Memory: 4k page, physical 8388608k(170220k free)

/proc/meminfo:


vm_info: Java HotSpot(TM) 64-Bit Server VM (25.181-b13) for bsd-amd64 JRE (1.8.0_181-b13), built on Jul  7 2018 01:02:31 by "java_re" with gcc 4.2.1 (Based on Apple Inc. build 5658) (LLVM build 2336.11.00)

time: Tue Feb  4 22:00:21 2020
elapsed time: 5074 seconds (0d 1h 24m 34s)

